
> rrent-backend@0.0.1 start:dev /srv/rrent/backend
> nest start --watch

[2J[3J[H[[90m8:29:18 AM[0m] Starting compilation in watch mode...

[[90m8:29:19 AM[0m] Found 0 errors. Watching for file changes.

[32m[Nest] 53776  - [39m11/13/2025, 8:29:20 AM [32m    LOG[39m [38;5;3m[NestFactory] [39m[32mStarting Nest application...[39m
[32m[Nest] 53776  - [39m11/13/2025, 8:29:20 AM [32m    LOG[39m [38;5;3m[InstanceLoader] [39m[32mHealthModule dependencies initialized[39m[38;5;3m +13ms[39m
[32m[Nest] 53776  - [39m11/13/2025, 8:29:20 AM [32m    LOG[39m [38;5;3m[InstanceLoader] [39m[32mConfigHostModule dependencies initialized[39m[38;5;3m +0ms[39m
[32m[Nest] 53776  - [39m11/13/2025, 8:29:20 AM [32m    LOG[39m [38;5;3m[InstanceLoader] [39m[32mAppModule dependencies initialized[39m[38;5;3m +0ms[39m
[32m[Nest] 53776  - [39m11/13/2025, 8:29:20 AM [32m    LOG[39m [38;5;3m[InstanceLoader] [39m[32mConfigModule dependencies initialized[39m[38;5;3m +0ms[39m
[32m[Nest] 53776  - [39m11/13/2025, 8:29:20 AM [32m    LOG[39m [38;5;3m[RoutesResolver] [39m[32mAppController {/}:[39m[38;5;3m +161ms[39m
[32m[Nest] 53776  - [39m11/13/2025, 8:29:20 AM [32m    LOG[39m [38;5;3m[RouterExplorer] [39m[32mMapped {/, GET} route[39m[38;5;3m +3ms[39m
[32m[Nest] 53776  - [39m11/13/2025, 8:29:20 AM [32m    LOG[39m [38;5;3m[RouterExplorer] [39m[32mMapped {/api, GET} route[39m[38;5;3m +1ms[39m
[32m[Nest] 53776  - [39m11/13/2025, 8:29:20 AM [32m    LOG[39m [38;5;3m[RoutesResolver] [39m[32mHealthController {/health}:[39m[38;5;3m +0ms[39m
[32m[Nest] 53776  - [39m11/13/2025, 8:29:20 AM [32m    LOG[39m [38;5;3m[RouterExplorer] [39m[32mMapped {/health, GET} route[39m[38;5;3m +1ms[39m
[32m[Nest] 53776  - [39m11/13/2025, 8:29:20 AM [32m    LOG[39m [38;5;3m[NestApplication] [39m[32mNest application successfully started[39m[38;5;3m +2ms[39m
[31m[Nest] 53776  - [39m11/13/2025, 8:29:20 AM [31m  ERROR[39m [38;5;3m[NestApplication] [39m[31mError: listen EADDRINUSE: address already in use :::3000[39m[38;5;3m +2ms[39m
node:net:1908
    const ex = new UVExceptionWithHostPort(err, 'listen', address, port);
               ^

Error: listen EADDRINUSE: address already in use :::3000
    at Server.setupListenHandle [as _listen2] (node:net:1908:16)
    at listenInCluster (node:net:1965:12)
    at Server.listen (node:net:2067:7)
    at ExpressAdapter.listen (/srv/rrent/backend/node_modules/.pnpm/@nestjs+platform-express@10.4.20_@nestjs+common@10.4.20_class-transformer@0.5.1_class-v_493714a91907cdb279e27ac022783351/node_modules/@nestjs/platform-express/adapters/express-adapter.js:95:32)
    at /srv/rrent/backend/node_modules/.pnpm/@nestjs+core@10.4.20_@nestjs+common@10.4.20_class-transformer@0.5.1_class-validator@0.1_297e3f07848a68f9949b640773de1b75/node_modules/@nestjs/core/nest-application.js:183:30
    at new Promise (<anonymous>)
    at NestApplication.listen (/srv/rrent/backend/node_modules/.pnpm/@nestjs+core@10.4.20_@nestjs+common@10.4.20_class-transformer@0.5.1_class-validator@0.1_297e3f07848a68f9949b640773de1b75/node_modules/@nestjs/core/nest-application.js:173:16)
    at async bootstrap (/srv/rrent/backend/src/main.ts:36:3) {
  code: 'EADDRINUSE',
  errno: -98,
  syscall: 'listen',
  address: '::',
  port: 3000
}

Node.js v20.19.5
[2J[3J[H[[90m8:36:50 AM[0m] File change detected. Starting incremental compilation...

[[90m8:36:50 AM[0m] Found 0 errors. Watching for file changes.

[32m[Nest] 54627  - [39m11/13/2025, 8:36:51 AM [32m    LOG[39m [38;5;3m[NestFactory] [39m[32mStarting Nest application...[39m
[32m[Nest] 54627  - [39m11/13/2025, 8:36:51 AM [32m    LOG[39m [38;5;3m[InstanceLoader] [39m[32mHealthModule dependencies initialized[39m[38;5;3m +11ms[39m
[32m[Nest] 54627  - [39m11/13/2025, 8:36:51 AM [32m    LOG[39m [38;5;3m[InstanceLoader] [39m[32mConfigHostModule dependencies initialized[39m[38;5;3m +0ms[39m
[32m[Nest] 54627  - [39m11/13/2025, 8:36:51 AM [32m    LOG[39m [38;5;3m[InstanceLoader] [39m[32mAppModule dependencies initialized[39m[38;5;3m +1ms[39m
[32m[Nest] 54627  - [39m11/13/2025, 8:36:51 AM [32m    LOG[39m [38;5;3m[InstanceLoader] [39m[32mConfigModule dependencies initialized[39m[38;5;3m +0ms[39m
[32m[Nest] 54627  - [39m11/13/2025, 8:36:51 AM [32m    LOG[39m [38;5;3m[RoutesResolver] [39m[32mAppController {/}:[39m[38;5;3m +182ms[39m
[32m[Nest] 54627  - [39m11/13/2025, 8:36:51 AM [32m    LOG[39m [38;5;3m[RouterExplorer] [39m[32mMapped {/, GET} route[39m[38;5;3m +3ms[39m
[32m[Nest] 54627  - [39m11/13/2025, 8:36:51 AM [32m    LOG[39m [38;5;3m[RouterExplorer] [39m[32mMapped {/api, GET} route[39m[38;5;3m +0ms[39m
[32m[Nest] 54627  - [39m11/13/2025, 8:36:51 AM [32m    LOG[39m [38;5;3m[RoutesResolver] [39m[32mHealthController {/health}:[39m[38;5;3m +1ms[39m
[32m[Nest] 54627  - [39m11/13/2025, 8:36:51 AM [32m    LOG[39m [38;5;3m[RouterExplorer] [39m[32mMapped {/health, GET} route[39m[38;5;3m +0ms[39m
[32m[Nest] 54627  - [39m11/13/2025, 8:36:51 AM [32m    LOG[39m [38;5;3m[NestApplication] [39m[32mNest application successfully started[39m[38;5;3m +2ms[39m
[31m[Nest] 54627  - [39m11/13/2025, 8:36:51 AM [31m  ERROR[39m [38;5;3m[NestApplication] [39m[31mError: listen EADDRINUSE: address already in use :::3000[39m[38;5;3m +3ms[39m
node:net:1908
    const ex = new UVExceptionWithHostPort(err, 'listen', address, port);
               ^

Error: listen EADDRINUSE: address already in use :::3000
    at Server.setupListenHandle [as _listen2] (node:net:1908:16)
    at listenInCluster (node:net:1965:12)
    at Server.listen (node:net:2067:7)
    at ExpressAdapter.listen (/srv/rrent/backend/node_modules/.pnpm/@nestjs+platform-express@10.4.20_@nestjs+common@10.4.20_class-transformer@0.5.1_class-v_493714a91907cdb279e27ac022783351/node_modules/@nestjs/platform-express/adapters/express-adapter.js:95:32)
    at /srv/rrent/backend/node_modules/.pnpm/@nestjs+core@10.4.20_@nestjs+common@10.4.20_class-transformer@0.5.1_class-validator@0.1_297e3f07848a68f9949b640773de1b75/node_modules/@nestjs/core/nest-application.js:183:30
    at new Promise (<anonymous>)
    at NestApplication.listen (/srv/rrent/backend/node_modules/.pnpm/@nestjs+core@10.4.20_@nestjs+common@10.4.20_class-transformer@0.5.1_class-validator@0.1_297e3f07848a68f9949b640773de1b75/node_modules/@nestjs/core/nest-application.js:173:16)
    at async bootstrap (/srv/rrent/backend/src/main.ts:38:3) {
  code: 'EADDRINUSE',
  errno: -98,
  syscall: 'listen',
  address: '::',
  port: 3000
}

Node.js v20.19.5
[2J[3J[H[[90m8:36:58 AM[0m] File change detected. Starting incremental compilation...

[[90m8:36:58 AM[0m] Found 0 errors. Watching for file changes.

[32m[Nest] 54670  - [39m11/13/2025, 8:36:59 AM [32m    LOG[39m [38;5;3m[NestFactory] [39m[32mStarting Nest application...[39m
[32m[Nest] 54670  - [39m11/13/2025, 8:36:59 AM [32m    LOG[39m [38;5;3m[InstanceLoader] [39m[32mHealthModule dependencies initialized[39m[38;5;3m +15ms[39m
[32m[Nest] 54670  - [39m11/13/2025, 8:36:59 AM [32m    LOG[39m [38;5;3m[InstanceLoader] [39m[32mConfigHostModule dependencies initialized[39m[38;5;3m +0ms[39m
[32m[Nest] 54670  - [39m11/13/2025, 8:36:59 AM [32m    LOG[39m [38;5;3m[InstanceLoader] [39m[32mAppModule dependencies initialized[39m[38;5;3m +0ms[39m
[32m[Nest] 54670  - [39m11/13/2025, 8:36:59 AM [32m    LOG[39m [38;5;3m[InstanceLoader] [39m[32mConfigModule dependencies initialized[39m[38;5;3m +1ms[39m
[32m[Nest] 54670  - [39m11/13/2025, 8:36:59 AM [32m    LOG[39m [38;5;3m[RoutesResolver] [39m[32mAppController {/}:[39m[38;5;3m +188ms[39m
[32m[Nest] 54670  - [39m11/13/2025, 8:36:59 AM [32m    LOG[39m [38;5;3m[RouterExplorer] [39m[32mMapped {/, GET} route[39m[38;5;3m +3ms[39m
[32m[Nest] 54670  - [39m11/13/2025, 8:36:59 AM [32m    LOG[39m [38;5;3m[RouterExplorer] [39m[32mMapped {/api, GET} route[39m[38;5;3m +0ms[39m
[32m[Nest] 54670  - [39m11/13/2025, 8:36:59 AM [32m    LOG[39m [38;5;3m[RoutesResolver] [39m[32mHealthController {/health}:[39m[38;5;3m +0ms[39m
[32m[Nest] 54670  - [39m11/13/2025, 8:36:59 AM [32m    LOG[39m [38;5;3m[RouterExplorer] [39m[32mMapped {/health, GET} route[39m[38;5;3m +1ms[39m
[32m[Nest] 54670  - [39m11/13/2025, 8:36:59 AM [32m    LOG[39m [38;5;3m[NestApplication] [39m[32mNest application successfully started[39m[38;5;3m +2ms[39m
[31m[Nest] 54670  - [39m11/13/2025, 8:36:59 AM [31m  ERROR[39m [38;5;3m[NestApplication] [39m[31mError: listen EADDRINUSE: address already in use :::3000[39m[38;5;3m +3ms[39m
node:net:1908
    const ex = new UVExceptionWithHostPort(err, 'listen', address, port);
               ^

Error: listen EADDRINUSE: address already in use :::3000
    at Server.setupListenHandle [as _listen2] (node:net:1908:16)
    at listenInCluster (node:net:1965:12)
    at Server.listen (node:net:2067:7)
    at ExpressAdapter.listen (/srv/rrent/backend/node_modules/.pnpm/@nestjs+platform-express@10.4.20_@nestjs+common@10.4.20_class-transformer@0.5.1_class-v_493714a91907cdb279e27ac022783351/node_modules/@nestjs/platform-express/adapters/express-adapter.js:95:32)
    at /srv/rrent/backend/node_modules/.pnpm/@nestjs+core@10.4.20_@nestjs+common@10.4.20_class-transformer@0.5.1_class-validator@0.1_297e3f07848a68f9949b640773de1b75/node_modules/@nestjs/core/nest-application.js:183:30
    at new Promise (<anonymous>)
    at NestApplication.listen (/srv/rrent/backend/node_modules/.pnpm/@nestjs+core@10.4.20_@nestjs+common@10.4.20_class-transformer@0.5.1_class-validator@0.1_297e3f07848a68f9949b640773de1b75/node_modules/@nestjs/core/nest-application.js:173:16)
    at async bootstrap (/srv/rrent/backend/src/main.ts:38:3) {
  code: 'EADDRINUSE',
  errno: -98,
  syscall: 'listen',
  address: '::',
  port: 3000
}

Node.js v20.19.5
[2J[3J[H[[90m8:37:08 AM[0m] File change detected. Starting incremental compilation...

[[90m8:37:09 AM[0m] Found 0 errors. Watching for file changes.

[32m[Nest] 54678  - [39m11/13/2025, 8:37:09 AM [32m    LOG[39m [38;5;3m[NestFactory] [39m[32mStarting Nest application...[39m
[32m[Nest] 54678  - [39m11/13/2025, 8:37:09 AM [32m    LOG[39m [38;5;3m[InstanceLoader] [39m[32mHealthModule dependencies initialized[39m[38;5;3m +11ms[39m
[32m[Nest] 54678  - [39m11/13/2025, 8:37:09 AM [32m    LOG[39m [38;5;3m[InstanceLoader] [39m[32mConfigHostModule dependencies initialized[39m[38;5;3m +0ms[39m
[32m[Nest] 54678  - [39m11/13/2025, 8:37:09 AM [32m    LOG[39m [38;5;3m[InstanceLoader] [39m[32mAppModule dependencies initialized[39m[38;5;3m +0ms[39m
[32m[Nest] 54678  - [39m11/13/2025, 8:37:09 AM [32m    LOG[39m [38;5;3m[InstanceLoader] [39m[32mConfigModule dependencies initialized[39m[38;5;3m +0ms[39m
[32m[Nest] 54678  - [39m11/13/2025, 8:37:09 AM [32m    LOG[39m [38;5;3m[RoutesResolver] [39m[32mAppController {/}:[39m[38;5;3m +144ms[39m
[32m[Nest] 54678  - [39m11/13/2025, 8:37:09 AM [32m    LOG[39m [38;5;3m[RouterExplorer] [39m[32mMapped {/, GET} route[39m[38;5;3m +2ms[39m
[32m[Nest] 54678  - [39m11/13/2025, 8:37:09 AM [32m    LOG[39m [38;5;3m[RouterExplorer] [39m[32mMapped {/api, GET} route[39m[38;5;3m +1ms[39m
[32m[Nest] 54678  - [39m11/13/2025, 8:37:09 AM [32m    LOG[39m [38;5;3m[RoutesResolver] [39m[32mHealthController {/health}:[39m[38;5;3m +0ms[39m
[32m[Nest] 54678  - [39m11/13/2025, 8:37:09 AM [32m    LOG[39m [38;5;3m[RouterExplorer] [39m[32mMapped {/health, GET} route[39m[38;5;3m +0ms[39m
[32m[Nest] 54678  - [39m11/13/2025, 8:37:09 AM [32m    LOG[39m [38;5;3m[NestApplication] [39m[32mNest application successfully started[39m[38;5;3m +2ms[39m
[31m[Nest] 54678  - [39m11/13/2025, 8:37:09 AM [31m  ERROR[39m [38;5;3m[NestApplication] [39m[31mError: listen EADDRINUSE: address already in use :::3000[39m[38;5;3m +3ms[39m
node:net:1908
    const ex = new UVExceptionWithHostPort(err, 'listen', address, port);
               ^

Error: listen EADDRINUSE: address already in use :::3000
    at Server.setupListenHandle [as _listen2] (node:net:1908:16)
    at listenInCluster (node:net:1965:12)
    at Server.listen (node:net:2067:7)
    at ExpressAdapter.listen (/srv/rrent/backend/node_modules/.pnpm/@nestjs+platform-express@10.4.20_@nestjs+common@10.4.20_class-transformer@0.5.1_class-v_493714a91907cdb279e27ac022783351/node_modules/@nestjs/platform-express/adapters/express-adapter.js:95:32)
    at /srv/rrent/backend/node_modules/.pnpm/@nestjs+core@10.4.20_@nestjs+common@10.4.20_class-transformer@0.5.1_class-validator@0.1_297e3f07848a68f9949b640773de1b75/node_modules/@nestjs/core/nest-application.js:183:30
    at new Promise (<anonymous>)
    at NestApplication.listen (/srv/rrent/backend/node_modules/.pnpm/@nestjs+core@10.4.20_@nestjs+common@10.4.20_class-transformer@0.5.1_class-validator@0.1_297e3f07848a68f9949b640773de1b75/node_modules/@nestjs/core/nest-application.js:173:16)
    at async bootstrap (/srv/rrent/backend/src/main.ts:38:3) {
  code: 'EADDRINUSE',
  errno: -98,
  syscall: 'listen',
  address: '::',
  port: 3000
}

Node.js v20.19.5
[2J[3J[H[[90m8:37:22 AM[0m] File change detected. Starting incremental compilation...

[[90m8:37:22 AM[0m] Found 0 errors. Watching for file changes.

[32m[Nest] 54775  - [39m11/13/2025, 8:37:22 AM [32m    LOG[39m [38;5;3m[NestFactory] [39m[32mStarting Nest application...[39m
[32m[Nest] 54775  - [39m11/13/2025, 8:37:22 AM [32m    LOG[39m [38;5;3m[InstanceLoader] [39m[32mHealthModule dependencies initialized[39m[38;5;3m +16ms[39m
[32m[Nest] 54775  - [39m11/13/2025, 8:37:22 AM [32m    LOG[39m [38;5;3m[InstanceLoader] [39m[32mConfigHostModule dependencies initialized[39m[38;5;3m +0ms[39m
[32m[Nest] 54775  - [39m11/13/2025, 8:37:22 AM [32m    LOG[39m [38;5;3m[InstanceLoader] [39m[32mAppModule dependencies initialized[39m[38;5;3m +0ms[39m
[32m[Nest] 54775  - [39m11/13/2025, 8:37:22 AM [32m    LOG[39m [38;5;3m[InstanceLoader] [39m[32mConfigModule dependencies initialized[39m[38;5;3m +1ms[39m
[32m[Nest] 54775  - [39m11/13/2025, 8:37:23 AM [32m    LOG[39m [38;5;3m[RoutesResolver] [39m[32mAppController {/}:[39m[38;5;3m +186ms[39m
[32m[Nest] 54775  - [39m11/13/2025, 8:37:23 AM [32m    LOG[39m [38;5;3m[RouterExplorer] [39m[32mMapped {/, GET} route[39m[38;5;3m +3ms[39m
[32m[Nest] 54775  - [39m11/13/2025, 8:37:23 AM [32m    LOG[39m [38;5;3m[RouterExplorer] [39m[32mMapped {/api, GET} route[39m[38;5;3m +1ms[39m
[32m[Nest] 54775  - [39m11/13/2025, 8:37:23 AM [32m    LOG[39m [38;5;3m[RoutesResolver] [39m[32mHealthController {/health}:[39m[38;5;3m +0ms[39m
[32m[Nest] 54775  - [39m11/13/2025, 8:37:23 AM [32m    LOG[39m [38;5;3m[RouterExplorer] [39m[32mMapped {/health, GET} route[39m[38;5;3m +0ms[39m
[32m[Nest] 54775  - [39m11/13/2025, 8:37:23 AM [32m    LOG[39m [38;5;3m[NestApplication] [39m[32mNest application successfully started[39m[38;5;3m +3ms[39m
[31m[Nest] 54775  - [39m11/13/2025, 8:37:23 AM [31m  ERROR[39m [38;5;3m[NestApplication] [39m[31mError: listen EADDRINUSE: address already in use :::3000[39m[38;5;3m +5ms[39m
node:net:1908
    const ex = new UVExceptionWithHostPort(err, 'listen', address, port);
               ^

Error: listen EADDRINUSE: address already in use :::3000
    at Server.setupListenHandle [as _listen2] (node:net:1908:16)
    at listenInCluster (node:net:1965:12)
    at Server.listen (node:net:2067:7)
    at ExpressAdapter.listen (/srv/rrent/backend/node_modules/.pnpm/@nestjs+platform-express@10.4.20_@nestjs+common@10.4.20_class-transformer@0.5.1_class-v_493714a91907cdb279e27ac022783351/node_modules/@nestjs/platform-express/adapters/express-adapter.js:95:32)
    at /srv/rrent/backend/node_modules/.pnpm/@nestjs+core@10.4.20_@nestjs+common@10.4.20_class-transformer@0.5.1_class-validator@0.1_297e3f07848a68f9949b640773de1b75/node_modules/@nestjs/core/nest-application.js:183:30
    at new Promise (<anonymous>)
    at NestApplication.listen (/srv/rrent/backend/node_modules/.pnpm/@nestjs+core@10.4.20_@nestjs+common@10.4.20_class-transformer@0.5.1_class-validator@0.1_297e3f07848a68f9949b640773de1b75/node_modules/@nestjs/core/nest-application.js:173:16)
    at async bootstrap (/srv/rrent/backend/src/main.ts:38:3) {
  code: 'EADDRINUSE',
  errno: -98,
  syscall: 'listen',
  address: '::',
  port: 3000
}

Node.js v20.19.5
